<?xml version="1.0" encoding="UTF-8"?>
<!-- Generated by org.testng.reporters.JUnitReportReporter -->
<testsuite hostname="Alnobl" failures="0" tests="3" name="multi_flights_test.testTowMultiFlights" time="10.556" errors="0" timestamp="2024-03-24T01:28:53 AST" skipped="0">
  <testcase classname="multi_flights_test.testTowMultiFlights" name="testTow" time="0.419"/>
  <system-out/>
  <testcase classname="multi_flights_test.testTowMultiFlights" name="randomCitiesTest" time="3.501"/>
  <system-out/>
  <testcase classname="multi_flights_test.testTowMultiFlights" name="randomNumberOfFlight" time="6.636"/>
  <system-out/>
</testsuite> <!-- multi_flights_test.testTowMultiFlights -->
