<?xml version="1.0" encoding="UTF-8"?>
<!-- Generated by org.testng.reporters.JUnitReportReporter -->
<testsuite hostname="Alnobl" failures="0" tests="7" name="HomePage.HomePageTestCases" time="3.928" errors="0" timestamp="2024-03-20T01:45:02 AST" skipped="6">
  <testcase classname="HomePage.HomePageTestCases" name="changeLangaugeRandomly" time="3.928"/>
  <system-out/>
  <testcase classname="HomePage.HomePageTestCases" name="checkisDisplayedQitafLogo">
    <skipped/>
  </testcase> <!-- checkisDisplayedQitafLogo -->
  <system-out/>
  <testcase classname="HomePage.HomePageTestCases" name="checkContactNumDefult">
    <skipped/>
  </testcase> <!-- checkContactNumDefult -->
  <system-out/>
  <testcase classname="HomePage.HomePageTestCases" name="CheckTapNotSelected">
    <skipped/>
  </testcase> <!-- CheckTapNotSelected -->
  <system-out/>
  <testcase classname="HomePage.HomePageTestCases" name="checkDefultLangugege">
    <skipped/>
  </testcase> <!-- checkDefultLangugege -->
  <system-out/>
  <testcase classname="HomePage.HomePageTestCases" name="checkCurrencyDefult">
    <skipped/>
  </testcase> <!-- checkCurrencyDefult -->
  <system-out/>
  <testcase classname="HomePage.HomePageTestCases" name="checkDepatureDate">
    <skipped/>
  </testcase> <!-- checkDepatureDate -->
  <system-out/>
</testsuite> <!-- HomePage.HomePageTestCases -->
