<?xml version="1.0" encoding="UTF-8"?>
<!-- Generated by org.testng.reporters.JUnitReportReporter -->
<testsuite hostname="Alnobl" failures="0" tests="2" name="hotelSearchTest.bookingHotelTest" time="5.417" errors="0" timestamp="2024-03-20T20:01:13 AST" skipped="0">
  <testcase classname="hotelSearchTest.bookingHotelTest" name="myTest" time="0.726"/>
  <system-out/>
  <testcase classname="hotelSearchTest.bookingHotelTest" name="randomSelectVisiterNum" time="4.691"/>
  <system-out/>
</testsuite> <!-- hotelSearchTest.bookingHotelTest -->
