<?xml version="1.0" encoding="UTF-8"?>
<!-- Generated by org.testng.reporters.JUnitReportReporter -->
<testsuite hostname="Alnobl" failures="0" tests="3" name="hotelSearchTest.bookingHotelTest" time="2.319" errors="0" timestamp="2024-03-20T02:45:12 AST" skipped="0">
  <testcase classname="hotelSearchTest.bookingHotelTest" name="myTest" time="1.023"/>
  <system-out/>
  <testcase classname="hotelSearchTest.bookingHotelTest" name="myTest" time="0.719"/>
  <system-out/>
  <testcase classname="hotelSearchTest.bookingHotelTest" name="myTest" time="0.577"/>
  <system-out/>
</testsuite> <!-- hotelSearchTest.bookingHotelTest -->
