<?xml version="1.0" encoding="UTF-8"?>
<!-- Generated by org.testng.reporters.JUnitReportReporter -->
<testsuite hostname="Alnobl" failures="0" tests="4" name="hotelSearchTest.bookingHotelTest" time="23.888" errors="0" timestamp="2024-03-21T03:12:01 AST" skipped="0">
  <testcase classname="hotelSearchTest.bookingHotelTest" name="myTest" time="0.717"/>
  <system-out/>
  <testcase classname="hotelSearchTest.bookingHotelTest" name="randomSelectVisiterNum" time="12.150"/>
  <system-out/>
  <testcase classname="hotelSearchTest.bookingHotelTest" name="pageFullyCompleted" time="10.054"/>
  <system-out/>
  <testcase classname="hotelSearchTest.bookingHotelTest" name="checkLowestFunctionSearch" time="0.967"/>
  <system-out/>
</testsuite> <!-- hotelSearchTest.bookingHotelTest -->
