<?xml version="1.0" encoding="UTF-8"?>
<!-- Generated by org.testng.reporters.JUnitReportReporter -->
<testsuite hostname="Alnobl" failures="0" tests="6" name="HomePage.HomePageTestCases" time="0.188" errors="0" timestamp="2024-03-19T04:36:44 AST" skipped="0">
  <testcase classname="HomePage.HomePageTestCases" name="checkDepatureDate" time="0.014"/>
  <system-out/>
  <testcase classname="HomePage.HomePageTestCases" name="checkDefultLangugege" time="0.060"/>
  <system-out/>
  <testcase classname="HomePage.HomePageTestCases" name="checkCurrencyDefult" time="0.034"/>
  <system-out/>
  <testcase classname="HomePage.HomePageTestCases" name="checkContactNumDefult" time="0.023"/>
  <system-out/>
  <testcase classname="HomePage.HomePageTestCases" name="checkisDisplayedQitafLogo" time="0.032"/>
  <system-out/>
  <testcase classname="HomePage.HomePageTestCases" name="CheckTapNotSelected" time="0.025"/>
  <system-out/>
</testsuite> <!-- HomePage.HomePageTestCases -->
