<?xml version="1.0" encoding="UTF-8"?>
<!-- Generated by org.testng.reporters.JUnitReportReporter -->
<testsuite hostname="Alnobl" failures="0" tests="6" name="HomePage.HomePageTestCases" time="0.234" errors="0" timestamp="2024-03-19T00:07:28 AST" skipped="0">
  <testcase classname="HomePage.HomePageTestCases" name="checkDefultLangugege" time="0.027"/>
  <system-out/>
  <testcase classname="HomePage.HomePageTestCases" name="checkDefultLangugege" time="0.038"/>
  <system-out/>
  <testcase classname="HomePage.HomePageTestCases" name="checkDefultLangugege" time="0.052"/>
  <system-out/>
  <testcase classname="HomePage.HomePageTestCases" name="checkCurrencyDefult" time="0.036"/>
  <system-out/>
  <testcase classname="HomePage.HomePageTestCases" name="checkContactNumDefult" time="0.033"/>
  <system-out/>
  <testcase classname="HomePage.HomePageTestCases" name="checkisDisplayedQitafLogo" time="0.048"/>
  <system-out/>
</testsuite> <!-- HomePage.HomePageTestCases -->
