<?xml version="1.0" encoding="UTF-8"?>
<!-- Generated by org.testng.reporters.JUnitReportReporter -->
<testsuite hostname="Alnobl" failures="0" tests="3" name="HomePage.HomePageTestCases" time="0.112" errors="0" timestamp="2024-03-18T23:40:54 AST" skipped="0">
  <testcase classname="HomePage.HomePageTestCases" name="checkDefultLangugege" time="0.050"/>
  <system-out/>
  <testcase classname="HomePage.HomePageTestCases" name="checkCurrencyDefult" time="0.038"/>
  <system-out/>
  <testcase classname="HomePage.HomePageTestCases" name="checkContactNumDefult" time="0.024"/>
  <system-out/>
</testsuite> <!-- HomePage.HomePageTestCases -->
